{
  "stats": {
    "suites": 1,
    "tests": 1,
    "passes": 0,
    "pending": 0,
    "failures": 1,
    "start": "2023-08-12T17:59:25.211Z",
    "end": "2023-08-12T18:00:16.634Z",
    "duration": 51423,
    "testsRegistered": 1,
    "passPercent": 0,
    "pendingPercent": 0,
    "other": 0,
    "hasOther": false,
    "skipped": 0,
    "hasSkipped": false
  },
  "results": [
    {
      "uuid": "d8cfa8d0-1e8e-4cb3-a780-dd305fd3d8da",
      "title": "",
      "fullFile": "cypress\\integration\\examples_cypress_concept\\switchToNewtabTest.js",
      "file": "cypress\\integration\\examples_cypress_concept\\switchToNewtabTest.js",
      "beforeHooks": [],
      "afterHooks": [],
      "tests": [],
      "suites": [
        {
          "uuid": "47af47c5-ee25-44f8-804b-61c9266fe660",
          "title": "Handling Child Windows",
          "fullFile": "",
          "file": "",
          "beforeHooks": [],
          "afterHooks": [],
          "tests": [
            {
              "title": "Should handle child window",
              "fullTitle": "Handling Child Windows Should handle child window",
              "timedOut": null,
              "duration": 49571,
              "state": "failed",
              "speed": null,
              "pass": false,
              "fail": true,
              "pending": false,
              "context": null,
              "code": "cy.visit(\"https://rahulshettyacademy.com/AutomationPractice/\");\n//we need to remove the target attribute which will open a new tab\ncy.get(\"#opentab\").invoke(\"removeAttr\", \"target\").click();\ncy.origin(\"https://www.qaclickacademy.com\", () => {\n  cy.contains(\"a\", \"About us\").click();\n  // cy.xpath(`//a[text()=\"About us`).click();\n  cy.get(\".mt-50 h2\").should(\"contain\", \"QAClick Academyy\");\n});\n//come to parent window\ncy.visit(\"https://rahulshettyacademy.com/AutomationPractice/\");\ncy.get(\"#opentab\").invoke(\"removeAttr\", \"target\").click();",
              "err": {
                "message": "AssertionError: Timed out retrying after 30000ms: expected '<h2>' to contain 'QAClick Academyy'",
                "estack": "AssertionError: Timed out retrying after 30000ms: expected '<h2>' to contain 'QAClick Academyy'\n    at Context.eval (webpack:///./cypress/integration/examples_cypress_concept/switchToNewtabTest.js:11:7)",
                "diff": null
              },
              "uuid": "507632d5-e6ec-4c16-b9d4-83a279d8bdb0",
              "parentUUID": "47af47c5-ee25-44f8-804b-61c9266fe660",
              "isHook": false,
              "skipped": false
            }
          ],
          "suites": [],
          "passes": [],
          "failures": [
            "507632d5-e6ec-4c16-b9d4-83a279d8bdb0"
          ],
          "pending": [],
          "skipped": [],
          "duration": 49571,
          "root": false,
          "rootEmpty": false,
          "_timeout": 2000
        }
      ],
      "passes": [],
      "failures": [],
      "pending": [],
      "skipped": [],
      "duration": 0,
      "root": true,
      "rootEmpty": true,
      "_timeout": 2000
    }
  ],
  "meta": {
    "mocha": {
      "version": "7.0.1"
    },
    "mochawesome": {
      "options": {
        "quiet": false,
        "reportFilename": "mochawesome",
        "saveHtml": true,
        "saveJson": true,
        "consoleReporter": "spec",
        "useInlineDiffs": false,
        "code": true
      },
      "version": "7.1.3"
    },
    "marge": {
      "options": null,
      "version": "6.2.0"
    }
  }
}